<?xml version="1.0" encoding="UTF-8"?>
<!-- Generated by org.testng.reporters.JUnitReportReporter -->
<testsuite hostname="PAL-BLR-VINU" name="cloudAutomation.abcd1" tests="1" failures="0" timestamp="4 May 2020 07:54:35 GMT" time="16.862" errors="0">
  <testcase name="updateRunState" time="16.862" classname="cloudAutomation.abcd1"/>
</testsuite> <!-- cloudAutomation.abcd1 -->
