<?xml version="1.0" encoding="UTF-8"?>
<!-- Generated by org.testng.reporters.JUnitReportReporter -->
<testsuite hostname="PAL-BLR-VINU" name="com.cloudAut.qa.testcases.NifiHomePageTest" tests="1" failures="0" timestamp="20 Apr 2020 06:00:52 GMT" time="13.088" errors="0">
  <testcase name="openBrowser" time="13.088" classname="com.cloudAut.qa.testcases.NifiHomePageTest"/>
</testsuite> <!-- com.cloudAut.qa.testcases.NifiHomePageTest -->
