<?xml version="1.0" encoding="UTF-8"?>
<!-- Generated by org.testng.reporters.JUnitReportReporter -->
<testsuite hostname="PAL-BLR-VINU" name="cloudAutomation.Demo1" tests="1" failures="0" timestamp="10 May 2020 13:16:22 GMT" time="15.825" errors="0">
  <testcase name="getUrlAndName" time="15.825" classname="cloudAutomation.Demo1"/>
</testsuite> <!-- cloudAutomation.Demo1 -->
